<html>
<head>
<title>TestNG:  MyAccount Test</title>
<link href="../testng.css" rel="stylesheet" type="text/css" />
<link href="../my-testng.css" rel="stylesheet" type="text/css" />

<style type="text/css">
.log { display: none;} 
.stack-trace { display: none;} 
</style>
<script type="text/javascript">
<!--
function flip(e) {
  current = e.style.display;
  if (current == 'block') {
    e.style.display = 'none';
    return 0;
  }
  else {
    e.style.display = 'block';
    return 1;
  }
}

function toggleBox(szDivId, elem, msg1, msg2)
{
  var res = -1;  if (document.getElementById) {
    res = flip(document.getElementById(szDivId));
  }
  else if (document.all) {
    // this is the way old msie versions work
    res = flip(document.all[szDivId]);
  }
  if(elem) {
    if(res == 0) elem.innerHTML = msg1; else elem.innerHTML = msg2;
  }

}

function toggleAllBoxes() {
  if (document.getElementsByTagName) {
    d = document.getElementsByTagName('div');
    for (i = 0; i < d.length; i++) {
      if (d[i].className == 'log') {
        flip(d[i]);
      }
    }
  }
}

// -->
</script>

</head>
<body>
<h2 align='center'>MyAccount Test</h2><table border='1' align="center">
<tr>
<td>Tests passed/Failed/Skipped:</td><td>6/1/0</td>
</tr><tr>
<td>Started on:</td><td>Mon Dec 12 21:48:15 GMT 2022</td>
</tr>
<tr><td>Total time:</td><td>101 seconds (101340 ms)</td>
</tr><tr>
<td>Included groups:</td><td></td>
</tr><tr>
<td>Excluded groups:</td><td></td>
</tr>
</table><p/>
<small><i>(Hover the method name to see the test class name)</i></small><p/>
<table width='100%' border='1' class='invocation-failed'>
<tr><td colspan='4' align='center'><b>FAILED TESTS</b></td></tr>
<tr><td><b>Test method</b></td>
<td width="30%"><b>Exception</b></td>
<td width="10%"><b>Time (seconds)</b></td>
<td><b>Instance</b></td>
</tr>
<tr>
<td title='com.nopcommerce.testsuite.ElectronicTest.verifyThatTheProductAddedSuccessfullyAndPlaceOrderSuccessfully()'><b>verifyThatTheProductAddedSuccessfullyAndPlaceOrderSuccessfully</b><br>Test class: com.nopcommerce.testsuite.ElectronicTest<br/>
<a href="#Output-281896787" onClick='toggleBox("Output-281896787", this, "Show output", "Hide output");'>Show output</a>

<a href="#Output-281896787" onClick="toggleAllBoxes();">Show all outputs</a>
<div class='log' id="Output-281896787">
Click to see screenshot<br/>
<a target = "_blank" href=C:\Users\palak\IdeaProjects\project-5-demo.nopcommerce.com-wk-15-pfm-palakd/test-output/html/verifyThatTheProductAddedSuccessfullyAndPlaceOrderSuccessfullyMon_Dec_12_21_49_32_GMT_2022.jpg>Screenshot</a><br/>
<br><br/>
Click to see screenshot<br/>
<a target = "_blank" href=C:\Users\palak\IdeaProjects\project-5-demo.nopcommerce.com-wk-15-pfm-palakd/test-output/html/verifyThatTheProductAddedSuccessfullyAndPlaceOrderSuccessfullyMon_Dec_12_21_49_32_GMT_2022.jpg>Screenshot</a><br/>
<br><br/>
</div>
</td>
<td><div><pre>org.openqa.selenium.NoSuchElementException: no such element: Unable to locate element: {&quot;method&quot;:&quot;xpath&quot;,&quot;selector&quot;:&quot;//a[contains(text(),&apos;Continue&apos;)]&quot;}
  (Session info: chrome=108.0.5359.99)
For documentation on this error, please visit: https://selenium.dev/exceptions/#no_such_element
Build info: version: &apos;4.6.0&apos;, revision: &apos;79f1c02ae20&apos;
System info: os.name: &apos;Windows 10&apos;, os.arch: &apos;amd64&apos;, os.version: &apos;10.0&apos;, java.version: &apos;1.8.0_121&apos;
Driver info: org.openqa.selenium.chrome.ChromeDriver
Command: [25dbec4a09e4657aebb53847deb3599a, findElement {using=xpath, value=//a[contains(text(),&apos;Continue&apos;)]}]
Capabilities {acceptInsecureCerts: false, browserName: chrome, browserVersion: 108.0.5359.99, chrome: {chromedriverVersion: 108.0.5359.71 (1e0e3868ee06..., userDataDir: C:\Users\palak\AppData\Loca...}, goog:chromeOptions: {debuggerAddress: localhost:52193}, networkConnectionEnabled: false, pageLoadStrategy: normal, platformName: WINDOWS, proxy: Proxy(), se:cdp: ws://localhost:52193/devtoo..., se:cdpVersion: 108.0.5359.99, setWindowRect: true, strictFileInteractability: false, timeouts: {implicit: 0, pageLoad: 300000, script: 30000}, unhandledPromptBehavior: dismiss and notify, webauthn:extension:credBlob: true, webauthn:extension:largeBlob: true, webauthn:virtualAuthenticators: true}
Session ID: 25dbec4a09e4657aebb53847deb3599a
	at org.openqa.selenium.remote.codec.w3c.W3CHttpResponseCodec.createException(W3CHttpResponseCodec.java:200)
	at org.openqa.selenium.remote.codec.w3c.W3CHttpResponseCodec.decode(W3CHttpResponseCodec.java:133)
	at org.openqa.selenium.remote.codec.w3c.W3CHttpResponseCodec.decode(W3CHttpResponseCodec.java:53)
	at org.openqa.selenium.remote.HttpCommandExecutor.execute(HttpCommandExecutor.java:184)
	at org.openqa.selenium.remote.service.DriverCommandExecutor.invokeExecute(DriverCommandExecutor.java:167)
	at org.openqa.selenium.remote.service.DriverCommandExecutor.execute(DriverCommandExecutor.java:142)
	at org.openqa.selenium.remote.RemoteWebDriver.execute(RemoteWebDriver.java:541)
	at org.openqa.selenium.remote.ElementLocation$ElementFinder$2.findElement(ElementLocation.java:162)
	at org.openqa.selenium.remote.ElementLocation.findElement(ElementLocation.java:60)
	at org.openqa.selenium.remote.RemoteWebDriver.findElement(RemoteWebDriver.java:365)
	at org.openqa.selenium.remote.RemoteWebDriver.findElement(RemoteWebDriver.java:357)
	at org.openqa.selenium.support.pagefactory.DefaultElementLocator.findElement(DefaultElementLocator.java:70)
	at org.openqa.selenium.support.pagefactory.internal.LocatingElementHandler.invoke(LocatingElementHandler.java:39)
	at com.sun.proxy.$Proxy16.click(Unknown Source)
	at com.nopcommerce.utility.Utility.clickOnElement(Utility.java:51)
	at com.nopcommerce.pages.Electronics.clickOnContinue(Electronics.java:271)
	at com.nopcommerce.testsuite.ElectronicTest.verifyThatTheProductAddedSuccessfullyAndPlaceOrderSuccessfully(ElectronicTest.java:66)
	at java.util.ArrayList.forEach(ArrayList.java:1249)
	at com.intellij.rt.testng.IDEARemoteTestNG.run(IDEARemoteTestNG.java:66)
	at com.intellij.rt.testng.RemoteTestNGStarter.main(RemoteTestNGStarter.java:109)
... Removed 28 stack frames</pre></div><a href='#' onClick='toggleBox("stack-trace281896787", this, "Click to show all stack frames", "Click to hide stack frames")'>Click to show all stack frames</a>
<div class='stack-trace' id='stack-trace281896787'><pre>org.openqa.selenium.NoSuchElementException: no such element: Unable to locate element: {&quot;method&quot;:&quot;xpath&quot;,&quot;selector&quot;:&quot;//a[contains(text(),&apos;Continue&apos;)]&quot;}
  (Session info: chrome=108.0.5359.99)
For documentation on this error, please visit: https://selenium.dev/exceptions/#no_such_element
Build info: version: &apos;4.6.0&apos;, revision: &apos;79f1c02ae20&apos;
System info: os.name: &apos;Windows 10&apos;, os.arch: &apos;amd64&apos;, os.version: &apos;10.0&apos;, java.version: &apos;1.8.0_121&apos;
Driver info: org.openqa.selenium.chrome.ChromeDriver
Command: [25dbec4a09e4657aebb53847deb3599a, findElement {using=xpath, value=//a[contains(text(),&apos;Continue&apos;)]}]
Capabilities {acceptInsecureCerts: false, browserName: chrome, browserVersion: 108.0.5359.99, chrome: {chromedriverVersion: 108.0.5359.71 (1e0e3868ee06..., userDataDir: C:\Users\palak\AppData\Loca...}, goog:chromeOptions: {debuggerAddress: localhost:52193}, networkConnectionEnabled: false, pageLoadStrategy: normal, platformName: WINDOWS, proxy: Proxy(), se:cdp: ws://localhost:52193/devtoo..., se:cdpVersion: 108.0.5359.99, setWindowRect: true, strictFileInteractability: false, timeouts: {implicit: 0, pageLoad: 300000, script: 30000}, unhandledPromptBehavior: dismiss and notify, webauthn:extension:credBlob: true, webauthn:extension:largeBlob: true, webauthn:virtualAuthenticators: true}
Session ID: 25dbec4a09e4657aebb53847deb3599a
	at sun.reflect.NativeConstructorAccessorImpl.newInstance0(Native Method)
	at sun.reflect.NativeConstructorAccessorImpl.newInstance(NativeConstructorAccessorImpl.java:62)
	at sun.reflect.DelegatingConstructorAccessorImpl.newInstance(DelegatingConstructorAccessorImpl.java:45)
	at java.lang.reflect.Constructor.newInstance(Constructor.java:423)
	at org.openqa.selenium.remote.codec.w3c.W3CHttpResponseCodec.createException(W3CHttpResponseCodec.java:200)
	at org.openqa.selenium.remote.codec.w3c.W3CHttpResponseCodec.decode(W3CHttpResponseCodec.java:133)
	at org.openqa.selenium.remote.codec.w3c.W3CHttpResponseCodec.decode(W3CHttpResponseCodec.java:53)
	at org.openqa.selenium.remote.HttpCommandExecutor.execute(HttpCommandExecutor.java:184)
	at org.openqa.selenium.remote.service.DriverCommandExecutor.invokeExecute(DriverCommandExecutor.java:167)
	at org.openqa.selenium.remote.service.DriverCommandExecutor.execute(DriverCommandExecutor.java:142)
	at org.openqa.selenium.remote.RemoteWebDriver.execute(RemoteWebDriver.java:541)
	at org.openqa.selenium.remote.ElementLocation$ElementFinder$2.findElement(ElementLocation.java:162)
	at org.openqa.selenium.remote.ElementLocation.findElement(ElementLocation.java:60)
	at org.openqa.selenium.remote.RemoteWebDriver.findElement(RemoteWebDriver.java:365)
	at org.openqa.selenium.remote.RemoteWebDriver.findElement(RemoteWebDriver.java:357)
	at org.openqa.selenium.support.pagefactory.DefaultElementLocator.findElement(DefaultElementLocator.java:70)
	at org.openqa.selenium.support.pagefactory.internal.LocatingElementHandler.invoke(LocatingElementHandler.java:39)
	at com.sun.proxy.$Proxy16.click(Unknown Source)
	at com.nopcommerce.utility.Utility.clickOnElement(Utility.java:51)
	at com.nopcommerce.pages.Electronics.clickOnContinue(Electronics.java:271)
	at com.nopcommerce.testsuite.ElectronicTest.verifyThatTheProductAddedSuccessfullyAndPlaceOrderSuccessfully(ElectronicTest.java:66)
	at sun.reflect.NativeMethodAccessorImpl.invoke0(Native Method)
	at sun.reflect.NativeMethodAccessorImpl.invoke(NativeMethodAccessorImpl.java:62)
	at sun.reflect.DelegatingMethodAccessorImpl.invoke(DelegatingMethodAccessorImpl.java:43)
	at java.lang.reflect.Method.invoke(Method.java:498)
	at org.testng.internal.invokers.MethodInvocationHelper.invokeMethod(MethodInvocationHelper.java:135)
	at org.testng.internal.invokers.TestInvoker.invokeMethod(TestInvoker.java:673)
	at org.testng.internal.invokers.TestInvoker.invokeTestMethod(TestInvoker.java:220)
	at org.testng.internal.invokers.MethodRunner.runInSequence(MethodRunner.java:50)
	at org.testng.internal.invokers.TestInvoker$MethodInvocationAgent.invoke(TestInvoker.java:945)
	at org.testng.internal.invokers.TestInvoker.invokeTestMethods(TestInvoker.java:193)
	at org.testng.internal.invokers.TestMethodWorker.invokeTestMethods(TestMethodWorker.java:146)
	at org.testng.internal.invokers.TestMethodWorker.run(TestMethodWorker.java:128)
	at java.util.ArrayList.forEach(ArrayList.java:1249)
	at org.testng.TestRunner.privateRun(TestRunner.java:808)
	at org.testng.TestRunner.run(TestRunner.java:603)
	at org.testng.SuiteRunner.runTest(SuiteRunner.java:429)
	at org.testng.SuiteRunner.runSequentially(SuiteRunner.java:423)
	at org.testng.SuiteRunner.privateRun(SuiteRunner.java:383)
	at org.testng.SuiteRunner.run(SuiteRunner.java:326)
	at org.testng.SuiteRunnerWorker.runSuite(SuiteRunnerWorker.java:52)
	at org.testng.SuiteRunnerWorker.run(SuiteRunnerWorker.java:95)
	at org.testng.TestNG.runSuitesSequentially(TestNG.java:1249)
	at org.testng.TestNG.runSuitesLocally(TestNG.java:1169)
	at org.testng.TestNG.runSuites(TestNG.java:1092)
	at org.testng.TestNG.run(TestNG.java:1060)
	at com.intellij.rt.testng.IDEARemoteTestNG.run(IDEARemoteTestNG.java:66)
	at com.intellij.rt.testng.RemoteTestNGStarter.main(RemoteTestNGStarter.java:109)
</pre></div></td>
<td>40</td>
<td>com.nopcommerce.testsuite.ElectronicTest@7e9a5fbe</td></tr>
</table><p>
<table width='100%' border='1' class='invocation-passed'>
<tr><td colspan='4' align='center'><b>PASSED TESTS</b></td></tr>
<tr><td><b>Test method</b></td>
<td width="30%"><b>Exception</b></td>
<td width="10%"><b>Time (seconds)</b></td>
<td><b>Instance</b></td>
</tr>
<tr>
<td title='com.nopcommerce.testsuite.HomePageTest.verifyUserShouldNavigateToApparel()'><b>verifyUserShouldNavigateToApparel</b><br>Test class: com.nopcommerce.testsuite.HomePageTest<br/>
<a href="#Output-1708711928" onClick='toggleBox("Output-1708711928", this, "Show output", "Hide output");'>Show output</a>

<a href="#Output-1708711928" onClick="toggleAllBoxes();">Show all outputs</a>
<div class='log' id="Output-1708711928">
Click to see screenshot<br/>
<a target = "_blank" href=C:\Users\palak\IdeaProjects\project-5-demo.nopcommerce.com-wk-15-pfm-palakd/test-output/html/verifyUserShouldNavigateToApparelMon_Dec_12_21_49_44_GMT_2022.jpg>Screenshot</a><br/>
<br><br/>
Click to see screenshot<br/>
<a target = "_blank" href=C:\Users\palak\IdeaProjects\project-5-demo.nopcommerce.com-wk-15-pfm-palakd/test-output/html/verifyUserShouldNavigateToApparelMon_Dec_12_21_49_44_GMT_2022.jpg>Screenshot</a><br/>
<br><br/>
</div>
</td>
<td></td>
<td>1</td>
<td>com.nopcommerce.testsuite.HomePageTest@71623278</td></tr>
<tr>
<td title='com.nopcommerce.testsuite.HomePageTest.verifyUserShouldNavigateToComputer()'><b>verifyUserShouldNavigateToComputer</b><br>Test class: com.nopcommerce.testsuite.HomePageTest<br/>
<a href="#Output-1387511555" onClick='toggleBox("Output-1387511555", this, "Show output", "Hide output");'>Show output</a>

<a href="#Output-1387511555" onClick="toggleAllBoxes();">Show all outputs</a>
<div class='log' id="Output-1387511555">
Click to see screenshot<br/>
<a target = "_blank" href=C:\Users\palak\IdeaProjects\project-5-demo.nopcommerce.com-wk-15-pfm-palakd/test-output/html/verifyUserShouldNavigateToComputerMon_Dec_12_21_49_50_GMT_2022.jpg>Screenshot</a><br/>
<br><br/>
Click to see screenshot<br/>
<a target = "_blank" href=C:\Users\palak\IdeaProjects\project-5-demo.nopcommerce.com-wk-15-pfm-palakd/test-output/html/verifyUserShouldNavigateToComputerMon_Dec_12_21_49_50_GMT_2022.jpg>Screenshot</a><br/>
<br><br/>
</div>
</td>
<td></td>
<td>0</td>
<td>com.nopcommerce.testsuite.HomePageTest@71623278</td></tr>
<tr>
<td title='com.nopcommerce.testsuite.ComputerTest1.verifyProductAddedToShoppingCartSuccessFully()'><b>verifyProductAddedToShoppingCartSuccessFully</b><br>Test class: com.nopcommerce.testsuite.ComputerTest1<br/>
<a href="#Output-1472036907" onClick='toggleBox("Output-1472036907", this, "Show output", "Hide output");'>Show output</a>

<a href="#Output-1472036907" onClick="toggleAllBoxes();">Show all outputs</a>
<div class='log' id="Output-1472036907">
Click to see screenshot<br/>
<a target = "_blank" href=C:\Users\palak\IdeaProjects\project-5-demo.nopcommerce.com-wk-15-pfm-palakd/test-output/html/verifyProductAddedToShoppingCartSuccessFullyMon_Dec_12_21_48_47_GMT_2022.jpg>Screenshot</a><br/>
<br><br/>
Click to see screenshot<br/>
<a target = "_blank" href=C:\Users\palak\IdeaProjects\project-5-demo.nopcommerce.com-wk-15-pfm-palakd/test-output/html/verifyProductAddedToShoppingCartSuccessFullyMon_Dec_12_21_48_47_GMT_2022.jpg>Screenshot</a><br/>
<br><br/>
</div>
</td>
<td></td>
<td>15</td>
<td>com.nopcommerce.testsuite.ComputerTest1@1da51a35</td></tr>
<tr>
<td title='com.nopcommerce.testsuite.ElectronicTest.verifyUserShouldNavigateToCellPhonesPageSuccessfully()'><b>verifyUserShouldNavigateToCellPhonesPageSuccessfully</b><br>Test class: com.nopcommerce.testsuite.ElectronicTest<br/>
<a href="#Output-1414431049" onClick='toggleBox("Output-1414431049", this, "Show output", "Hide output");'>Show output</a>

<a href="#Output-1414431049" onClick="toggleAllBoxes();">Show all outputs</a>
<div class='log' id="Output-1414431049">
Click to see screenshot<br/>
<a target = "_blank" href=C:\Users\palak\IdeaProjects\project-5-demo.nopcommerce.com-wk-15-pfm-palakd/test-output/html/verifyUserShouldNavigateToCellPhonesPageSuccessfullyMon_Dec_12_21_49_37_GMT_2022.jpg>Screenshot</a><br/>
<br><br/>
Click to see screenshot<br/>
<a target = "_blank" href=C:\Users\palak\IdeaProjects\project-5-demo.nopcommerce.com-wk-15-pfm-palakd/test-output/html/verifyUserShouldNavigateToCellPhonesPageSuccessfullyMon_Dec_12_21_49_37_GMT_2022.jpg>Screenshot</a><br/>
<br><br/>
</div>
</td>
<td></td>
<td>0</td>
<td>com.nopcommerce.testsuite.ElectronicTest@7e9a5fbe</td></tr>
<tr>
<td title='com.nopcommerce.testsuite.ComputerTest.verifyProductArrangeInAlphaBaticalOrder()'><b>verifyProductArrangeInAlphaBaticalOrder</b><br>Test class: com.nopcommerce.testsuite.ComputerTest<br/>
<a href="#Output-78265654" onClick='toggleBox("Output-78265654", this, "Show output", "Hide output");'>Show output</a>

<a href="#Output-78265654" onClick="toggleAllBoxes();">Show all outputs</a>
<div class='log' id="Output-78265654">
Click to see screenshot<br/>
<a target = "_blank" href=C:\Users\palak\IdeaProjects\project-5-demo.nopcommerce.com-wk-15-pfm-palakd/test-output/html/verifyProductArrangeInAlphaBaticalOrderMon_Dec_12_21_48_26_GMT_2022.jpg>Screenshot</a><br/>
<br><br/>
Click to see screenshot<br/>
<a target = "_blank" href=C:\Users\palak\IdeaProjects\project-5-demo.nopcommerce.com-wk-15-pfm-palakd/test-output/html/verifyProductArrangeInAlphaBaticalOrderMon_Dec_12_21_48_26_GMT_2022.jpg>Screenshot</a><br/>
<br><br/>
</div>
</td>
<td></td>
<td>2</td>
<td>com.nopcommerce.testsuite.ComputerTest@954b04f</td></tr>
<tr>
<td title='com.nopcommerce.testsuite.HomePageTest.verifyUserShouldNavigateToElectronics()'><b>verifyUserShouldNavigateToElectronics</b><br>Test class: com.nopcommerce.testsuite.HomePageTest<br/>
<a href="#Output-1735872041" onClick='toggleBox("Output-1735872041", this, "Show output", "Hide output");'>Show output</a>

<a href="#Output-1735872041" onClick="toggleAllBoxes();">Show all outputs</a>
<div class='log' id="Output-1735872041">
Click to see screenshot<br/>
<a target = "_blank" href=C:\Users\palak\IdeaProjects\project-5-demo.nopcommerce.com-wk-15-pfm-palakd/test-output/html/verifyUserShouldNavigateToElectronicsMon_Dec_12_21_49_56_GMT_2022.jpg>Screenshot</a><br/>
<br><br/>
Click to see screenshot<br/>
<a target = "_blank" href=C:\Users\palak\IdeaProjects\project-5-demo.nopcommerce.com-wk-15-pfm-palakd/test-output/html/verifyUserShouldNavigateToElectronicsMon_Dec_12_21_49_56_GMT_2022.jpg>Screenshot</a><br/>
<br><br/>
</div>
</td>
<td></td>
<td>0</td>
<td>com.nopcommerce.testsuite.HomePageTest@71623278</td></tr>
</table><p>
</body>
</html>